g:\visual studio 2015\projects\autocopy\autocopy\generatedfiles\release\moc_autocopy.cpp
g:\visual studio 2015\projects\autocopy\autocopy\generatedfiles\release\moc_mythread.cpp
g:\visual studio 2015\projects\autocopy\autocopy\generatedfiles\qrc_autocopy.cpp
g:\visual studio 2015\projects\autocopy\autocopy\generatedfiles\ui_autocopy.h
g:\visual studio 2015\projects\autocopy\autocopy\release\qrc_autocopy.obj
g:\visual studio 2015\projects\autocopy\autocopy\release\moc_mythread.obj
g:\visual studio 2015\projects\autocopy\autocopy\release\mythread.obj
g:\visual studio 2015\projects\autocopy\autocopy\release\autocopy.obj
g:\visual studio 2015\projects\autocopy\autocopy\release\moc_autocopy.obj
g:\visual studio 2015\projects\autocopy\autocopy\release\main.obj
g:\visual studio 2015\projects\autocopy\win32\release\autocopy.exe
g:\visual studio 2015\projects\autocopy\autocopy\.\generatedfiles\release\moc_autocopy.cpp
g:\visual studio 2015\projects\autocopy\autocopy\.\generatedfiles\release\moc_mythread.cpp
g:\visual studio 2015\projects\autocopy\autocopy\.\generatedfiles\qrc_autocopy.cpp
g:\visual studio 2015\projects\autocopy\autocopy\.\generatedfiles\ui_autocopy.h
g:\visual studio 2015\projects\autocopy\autocopy\release\autocopy.tlog\autocopy.write.1u.tlog
g:\visual studio 2015\projects\autocopy\autocopy\release\autocopy.tlog\cl.command.1.tlog
g:\visual studio 2015\projects\autocopy\autocopy\release\autocopy.tlog\cl.read.1.tlog
g:\visual studio 2015\projects\autocopy\autocopy\release\autocopy.tlog\cl.write.1.tlog
g:\visual studio 2015\projects\autocopy\autocopy\release\autocopy.tlog\link.command.1.tlog
g:\visual studio 2015\projects\autocopy\autocopy\release\autocopy.tlog\link.read.1.tlog
g:\visual studio 2015\projects\autocopy\autocopy\release\autocopy.tlog\link.write.1.tlog
g:\visual studio 2015\projects\autocopy\autocopy\release\autocopy.tlog\qtmoc.read.1u.tlog
g:\visual studio 2015\projects\autocopy\autocopy\release\autocopy.tlog\qtmoc.write.1u.tlog
g:\visual studio 2015\projects\autocopy\autocopy\release\autocopy.tlog\qtrcc.read.1u.tlog
g:\visual studio 2015\projects\autocopy\autocopy\release\autocopy.tlog\qtrcc.write.1u.tlog
g:\visual studio 2015\projects\autocopy\autocopy\release\autocopy.tlog\qtuic.read.1u.tlog
g:\visual studio 2015\projects\autocopy\autocopy\release\autocopy.tlog\qtuic.write.1u.tlog
