生成启动时间为 2018/12/27 22:46:07。
     1>项目“G:\Visual Studio 2015\Projects\AutoCopy\AutoCopy\AutoCopy.vcxproj”在节点 2 上(Build 个目标)。
     1>ClCompile:
         C:\Program Files (x86)\Microsoft Visual Studio 14.0\VC\bin\CL.exe /c /I.\GeneratedFiles /I. /IG:\Plug_in\QT\5.8\msvc2015\include /I.\GeneratedFiles\Debug /IG:\Plug_in\QT\5.8\msvc2015\include\QtCore /IG:\Plug_in\QT\5.8\msvc2015\include\QtGui /IG:\Plug_in\QT\5.8\msvc2015\include\QtANGLE /IG:\Plug_in\QT\5.8\msvc2015\include\QtWidgets /Zi /nologo /W1 /WX- /MP /Od /Oy- /D UNICODE /D WIN32 /D WIN64 /D QT_DLL /D QT_CORE_LIB /D QT_GUI_LIB /D QT_WIDGETS_LIB /D _AFXDLL /Gm- /EHsc /MDd /GS /fp:precise /Zc:wchar_t /Zc:forScope /Zc:inline /Fo"Debug\\" /Fd"Debug\vc140.pdb" /Gd /TP /analyze- /errorReport:prompt AutoCopy.cpp main.cpp .\GeneratedFiles\Debug\moc_AutoCopy.cpp
         AutoCopy.cpp
         main.cpp
         moc_AutoCopy.cpp
     1>g:\visual studio 2015\projects\autocopy\autocopy\generatedfiles\debug\../../AutoCopy.h(41): error C2653: “Ui”: 不是类或命名空间名称 (编译源文件 .\GeneratedFiles\Debug\moc_AutoCopy.cpp)
     1>g:\visual studio 2015\projects\autocopy\autocopy\generatedfiles\debug\../../AutoCopy.h(41): error C2143: 语法错误: 缺少“;”(在“*”的前面) (编译源文件 .\GeneratedFiles\Debug\moc_AutoCopy.cpp)
     1>g:\visual studio 2015\projects\autocopy\autocopy\generatedfiles\debug\../../AutoCopy.h(41): error C4430: 缺少类型说明符 - 假定为 int。注意: C++ 不支持默认 int (编译源文件 .\GeneratedFiles\Debug\moc_AutoCopy.cpp)
     1>g:\visual studio 2015\projects\autocopy\autocopy\generatedfiles\debug\../../AutoCopy.h(41): error C2238: 意外的标记位于“;”之前 (编译源文件 .\GeneratedFiles\Debug\moc_AutoCopy.cpp)
     1>g:\visual studio 2015\projects\autocopy\autocopy\AutoCopy.h(41): error C2653: “Ui”: 不是类或命名空间名称 (编译源文件 main.cpp)
     1>g:\visual studio 2015\projects\autocopy\autocopy\AutoCopy.h(41): error C2143: 语法错误: 缺少“;”(在“*”的前面) (编译源文件 main.cpp)
     1>g:\visual studio 2015\projects\autocopy\autocopy\AutoCopy.h(41): error C4430: 缺少类型说明符 - 假定为 int。注意: C++ 不支持默认 int (编译源文件 main.cpp)
     1>g:\visual studio 2015\projects\autocopy\autocopy\AutoCopy.h(41): error C2238: 意外的标记位于“;”之前 (编译源文件 main.cpp)
     1>g:\visual studio 2015\projects\autocopy\autocopy\AutoCopy.h(41): error C2653: “Ui”: 不是类或命名空间名称 (编译源文件 AutoCopy.cpp)
     1>g:\visual studio 2015\projects\autocopy\autocopy\AutoCopy.h(41): error C2143: 语法错误: 缺少“;”(在“*”的前面) (编译源文件 AutoCopy.cpp)
     1>g:\visual studio 2015\projects\autocopy\autocopy\AutoCopy.h(41): error C4430: 缺少类型说明符 - 假定为 int。注意: C++ 不支持默认 int (编译源文件 AutoCopy.cpp)
     1>g:\visual studio 2015\projects\autocopy\autocopy\AutoCopy.h(41): error C2238: 意外的标记位于“;”之前 (编译源文件 AutoCopy.cpp)
         _WIN32_WINNT not defined. Defaulting to _WIN32_WINNT_MAXVER (see WinSDKVer.h)
     1>AutoCopy.cpp(25): error C2065: “ui”: 未声明的标识符
     1>AutoCopy.cpp(25): error C2227: “->setupUi”的左边必须指向类/结构/联合/泛型类型
         AutoCopy.cpp(25): note: 类型是“unknown-type”
     1>AutoCopy.cpp(33): error C2065: “ui”: 未声明的标识符
     1>AutoCopy.cpp(33): error C2541: “delete”: 不能删除不是指针的对象
     1>AutoCopy.cpp(184): error C2065: “ui”: 未声明的标识符
     1>AutoCopy.cpp(184): error C2227: “->from”的左边必须指向类/结构/联合/泛型类型
         AutoCopy.cpp(184): note: 类型是“unknown-type”
     1>AutoCopy.cpp(184): error C2227: “->document”的左边必须指向类/结构/联合/泛型类型
     1>AutoCopy.cpp(184): error C2227: “->toPlainText”的左边必须指向类/结构/联合/泛型类型
     1>AutoCopy.cpp(184): error C2228: “.toLocal8Bit”的左边必须有类/结构/联合
     1>AutoCopy.cpp(184): error C2228: “.toStdString”的左边必须有类/结构/联合
     1>AutoCopy.cpp(185): error C2065: “ui”: 未声明的标识符
     1>AutoCopy.cpp(185): error C2227: “->to”的左边必须指向类/结构/联合/泛型类型
         AutoCopy.cpp(185): note: 类型是“unknown-type”
     1>AutoCopy.cpp(185): error C2227: “->document”的左边必须指向类/结构/联合/泛型类型
     1>AutoCopy.cpp(185): error C2227: “->toPlainText”的左边必须指向类/结构/联合/泛型类型
     1>AutoCopy.cpp(185): error C2228: “.toLocal8Bit”的左边必须有类/结构/联合
     1>AutoCopy.cpp(185): error C2228: “.toStdString”的左边必须有类/结构/联合
     1>已完成生成项目“G:\Visual Studio 2015\Projects\AutoCopy\AutoCopy\AutoCopy.vcxproj”(Build 个目标)的操作 - 失败。

生成失败。

已用时间 00:00:03.04
