g:\visual studio 2015\projects\autocopy\autocopy\generatedfiles\debug\moc_autocopy.cpp
g:\visual studio 2015\projects\autocopy\autocopy\generatedfiles\qrc_autocopy.cpp
g:\visual studio 2015\projects\autocopy\autocopy\generatedfiles\ui_autocopy.h
g:\visual studio 2015\projects\autocopy\autocopy\debug\autocopy.obj
g:\visual studio 2015\projects\autocopy\autocopy\debug\moc_autocopy.obj
g:\visual studio 2015\projects\autocopy\autocopy\debug\main.obj
g:\visual studio 2015\projects\autocopy\autocopy\debug\qrc_autocopy.obj
g:\visual studio 2015\projects\autocopy\autocopy\debug\vc140.pdb
g:\visual studio 2015\projects\autocopy\win32\debug\autocopy.ilk
g:\visual studio 2015\projects\autocopy\win32\debug\autocopy.exe
g:\visual studio 2015\projects\autocopy\win32\debug\autocopy.pdb
g:\visual studio 2015\projects\autocopy\autocopy\.\generatedfiles\debug\moc_autocopy.cpp
g:\visual studio 2015\projects\autocopy\autocopy\.\generatedfiles\qrc_autocopy.cpp
g:\visual studio 2015\projects\autocopy\autocopy\.\generatedfiles\ui_autocopy.h
g:\visual studio 2015\projects\autocopy\autocopy\debug\autocopy.tlog\autocopy.write.1u.tlog
g:\visual studio 2015\projects\autocopy\autocopy\debug\autocopy.tlog\cl.command.1.tlog
g:\visual studio 2015\projects\autocopy\autocopy\debug\autocopy.tlog\cl.read.1.tlog
g:\visual studio 2015\projects\autocopy\autocopy\debug\autocopy.tlog\cl.write.1.tlog
g:\visual studio 2015\projects\autocopy\autocopy\debug\autocopy.tlog\link.command.1.tlog
g:\visual studio 2015\projects\autocopy\autocopy\debug\autocopy.tlog\link.read.1.tlog
g:\visual studio 2015\projects\autocopy\autocopy\debug\autocopy.tlog\link.write.1.tlog
g:\visual studio 2015\projects\autocopy\autocopy\debug\autocopy.tlog\qtmoc.read.1u.tlog
g:\visual studio 2015\projects\autocopy\autocopy\debug\autocopy.tlog\qtmoc.write.1u.tlog
g:\visual studio 2015\projects\autocopy\autocopy\debug\autocopy.tlog\qtrcc.read.1u.tlog
g:\visual studio 2015\projects\autocopy\autocopy\debug\autocopy.tlog\qtrcc.write.1u.tlog
g:\visual studio 2015\projects\autocopy\autocopy\debug\autocopy.tlog\qtuic.read.1u.tlog
g:\visual studio 2015\projects\autocopy\autocopy\debug\autocopy.tlog\qtuic.write.1u.tlog
